2025-05-19 17:38:36.364 | INFO     | __main__:main:187 - Trying to connect to 172.17.0.1:2000
2025-05-19 17:39:06.365 | ERROR    | __main__:main:204 - Error: time-out of 30000ms while waiting for the simulator, make sure the simulator is ready and connected to 172.17.0.1:2000
2025-05-19 17:39:39.289 | INFO     | __main__:main:187 - Trying to connect to 172.17.0.1:2000
2025-05-19 17:39:41.192 | INFO     | __main__:main:199 - Connect to 172.17.0.1:2000 successfully.
2025-05-19 17:39:47.783 | DEBUG    | carla_bridge.core.carla_spawn_objects:setup_sensors:144 - sensor: {'type': 'sensor.pseudo.traffic_lights', 'id': 'traffic_lights'}, attach: None
2025-05-19 17:39:47.784 | INFO     | carla_bridge.core.carla_spawn_objects:setup_vehicles:118 - Spawn point selected at random
2025-05-19 17:39:47.813 | INFO     | carla_bridge.core.actor_factory:_create_object:365 - Created Static(id=196)
2025-05-19 17:39:47.819 | INFO     | carla_bridge.core.actor_factory:_create_object:365 - Created Static(id=195)
2025-05-19 17:39:47.829 | INFO     | carla_bridge.core.actor_factory:_create_object:365 - Created Static(id=194)
2025-05-19 17:39:47.840 | INFO     | carla_bridge.core.actor_factory:_create_object:365 - Created Static(id=193)
2025-05-19 17:39:47.841 | INFO     | carla_bridge.core.actor_factory:_create_object:365 - Created Static(id=192)
2025-05-19 17:39:47.847 | INFO     | carla_bridge.core.actor_factory:_create_object:365 - Created Static(id=191)
2025-05-19 17:39:47.857 | INFO     | carla_bridge.core.actor_factory:_create_object:365 - Created Static(id=190)
2025-05-19 17:39:47.863 | INFO     | carla_bridge.core.actor_factory:_create_object:365 - Created Static(id=189)
2025-05-19 17:39:47.888 | INFO     | carla_bridge.core.actor_factory:_create_object:365 - Created Static(id=188)
2025-05-19 17:39:47.914 | INFO     | carla_bridge.core.actor_factory:_create_object:365 - Created Static(id=187)
2025-05-19 17:39:47.924 | INFO     | carla_bridge.core.actor_factory:_create_object:365 - Created Static(id=186)
2025-05-19 17:39:47.925 | INFO     | carla_bridge.core.actor_factory:_create_object:365 - Created Static(id=185)
2025-05-19 17:39:47.930 | INFO     | carla_bridge.core.actor_factory:_create_object:365 - Created Static(id=184)
2025-05-19 17:39:47.931 | INFO     | carla_bridge.core.actor_factory:_create_object:365 - Created Static(id=183)
2025-05-19 17:39:47.936 | INFO     | carla_bridge.core.actor_factory:_create_object:365 - Created Static(id=182)
2025-05-19 17:39:47.942 | INFO     | carla_bridge.core.actor_factory:_create_object:365 - Created Static(id=181)
2025-05-19 17:39:47.952 | INFO     | carla_bridge.core.actor_factory:_create_object:365 - Created Static(id=180)
2025-05-19 17:39:47.968 | INFO     | carla_bridge.core.actor_factory:_create_object:365 - Created Static(id=179)
2025-05-19 17:39:47.979 | INFO     | carla_bridge.core.actor_factory:_create_object:365 - Created Static(id=178)
2025-05-19 17:39:47.999 | INFO     | carla_bridge.core.actor_factory:_create_object:365 - Created Static(id=177)
2025-05-19 17:39:48.005 | INFO     | carla_bridge.core.actor_factory:_create_object:365 - Created Static(id=176)
2025-05-19 17:39:48.010 | INFO     | carla_bridge.core.actor_factory:_create_object:365 - Created Static(id=175)
2025-05-19 17:39:48.010 | INFO     | carla_bridge.core.actor_factory:_create_object:365 - Created Static(id=174)
2025-05-19 17:39:48.020 | INFO     | carla_bridge.core.actor_factory:_create_object:365 - Created Static(id=173)
2025-05-19 17:39:48.031 | INFO     | carla_bridge.core.actor_factory:_create_object:365 - Created Static(id=172)
2025-05-19 17:39:48.046 | INFO     | carla_bridge.core.actor_factory:_create_object:365 - Created Static(id=171)
2025-05-19 17:39:48.059 | INFO     | carla_bridge.core.actor_factory:_create_object:365 - Created Static(id=170)
2025-05-19 17:39:48.081 | INFO     | carla_bridge.core.actor_factory:_create_object:365 - Created Static(id=169)
2025-05-19 17:39:48.111 | INFO     | carla_bridge.core.actor_factory:_create_object:365 - Created Static(id=168)
2025-05-19 17:39:48.116 | INFO     | carla_bridge.core.actor_factory:_create_object:365 - Created Static(id=167)
2025-05-19 17:39:48.127 | INFO     | carla_bridge.core.actor_factory:_create_object:365 - Created Static(id=166)
2025-05-19 17:39:48.127 | INFO     | carla_bridge.core.actor_factory:_create_object:365 - Created Static(id=165)
2025-05-19 17:39:48.127 | INFO     | carla_bridge.core.actor_factory:_create_object:365 - Created Static(id=164)
2025-05-19 17:39:48.158 | INFO     | carla_bridge.core.actor_factory:_create_object:365 - Created Static(id=163)
2025-05-19 17:39:48.173 | INFO     | carla_bridge.core.actor_factory:_create_object:365 - Created Static(id=162)
2025-05-19 17:39:48.174 | INFO     | carla_bridge.core.actor_factory:_create_object:365 - Created Static(id=161)
2025-05-19 17:39:48.184 | INFO     | carla_bridge.core.actor_factory:_create_object:365 - Created Static(id=160)
2025-05-19 17:39:48.184 | INFO     | carla_bridge.core.actor_factory:_create_object:365 - Created Static(id=159)
2025-05-19 17:39:48.195 | INFO     | carla_bridge.core.actor_factory:_create_object:365 - Created Static(id=158)
2025-05-19 17:39:48.222 | INFO     | carla_bridge.core.actor_factory:_create_object:365 - Created Static(id=157)
2025-05-19 17:39:48.240 | INFO     | carla_bridge.core.actor_factory:_create_object:365 - Created Static(id=156)
2025-05-19 17:39:48.240 | INFO     | carla_bridge.core.actor_factory:_create_object:365 - Created Static(id=155)
2025-05-19 17:39:48.252 | INFO     | carla_bridge.core.actor_factory:_create_object:365 - Created Static(id=154)
2025-05-19 17:39:48.258 | INFO     | carla_bridge.core.actor_factory:_create_object:365 - Created Static(id=153)
2025-05-19 17:39:48.263 | INFO     | carla_bridge.core.actor_factory:_create_object:365 - Created Static(id=152)
2025-05-19 17:39:48.263 | INFO     | carla_bridge.core.actor_factory:_create_object:365 - Created Static(id=151)
2025-05-19 17:39:48.263 | INFO     | carla_bridge.core.actor_factory:_create_object:365 - Created Static(id=150)
2025-05-19 17:39:48.263 | INFO     | carla_bridge.core.actor_factory:_create_object:365 - Created Static(id=149)
2025-05-19 17:39:48.279 | INFO     | carla_bridge.core.actor_factory:_create_object:365 - Created Static(id=148)
2025-05-19 17:39:48.302 | INFO     | carla_bridge.core.actor_factory:_create_object:365 - Created Static(id=147)
2025-05-19 17:39:48.317 | INFO     | carla_bridge.core.actor_factory:_create_object:365 - Created Static(id=146)
2025-05-19 17:39:48.345 | INFO     | carla_bridge.core.actor_factory:_create_object:365 - Created Static(id=145)
2025-05-19 17:39:48.358 | INFO     | carla_bridge.core.actor_factory:_create_object:365 - Created Static(id=144)
2025-05-19 17:39:48.359 | INFO     | carla_bridge.core.actor_factory:_create_object:365 - Created Static(id=143)
2025-05-19 17:39:48.359 | INFO     | carla_bridge.core.actor_factory:_create_object:365 - Created Static(id=142)
2025-05-19 17:39:48.364 | INFO     | carla_bridge.core.actor_factory:_create_object:365 - Created Static(id=141)
2025-05-19 17:39:48.375 | INFO     | carla_bridge.core.actor_factory:_create_object:365 - Created Static(id=140)
2025-05-19 17:39:48.401 | INFO     | carla_bridge.core.actor_factory:_create_object:365 - Created Static(id=139)
2025-05-19 17:39:48.401 | INFO     | carla_bridge.core.actor_factory:_create_object:365 - Created Static(id=138)
2025-05-19 17:39:48.412 | INFO     | carla_bridge.core.actor_factory:_create_object:365 - Created Static(id=137)
2025-05-19 17:39:48.429 | INFO     | carla_bridge.core.actor_factory:_create_object:365 - Created Static(id=136)
2025-05-19 17:39:48.435 | INFO     | carla_bridge.core.actor_factory:_create_object:365 - Created Static(id=135)
2025-05-19 17:39:48.451 | INFO     | carla_bridge.core.actor_factory:_create_object:365 - Created Static(id=134)
2025-05-19 17:39:48.469 | INFO     | carla_bridge.core.actor_factory:_create_object:365 - Created Static(id=133)
2025-05-19 17:39:48.480 | INFO     | carla_bridge.core.actor_factory:_create_object:365 - Created Static(id=132)
2025-05-19 17:39:48.518 | INFO     | carla_bridge.core.actor_factory:_create_object:365 - Created Static(id=131)
2025-05-19 17:39:48.555 | INFO     | carla_bridge.core.actor_factory:_create_object:365 - Created Static(id=130)
2025-05-19 17:39:48.565 | INFO     | carla_bridge.core.actor_factory:_create_object:365 - Created Static(id=129)
2025-05-19 17:39:48.588 | INFO     | carla_bridge.core.actor_factory:_create_object:365 - Created Static(id=128)
2025-05-19 17:39:48.588 | INFO     | carla_bridge.core.actor_factory:_create_object:365 - Created Static(id=127)
2025-05-19 17:39:48.599 | INFO     | carla_bridge.core.actor_factory:_create_object:365 - Created Static(id=126)
2025-05-19 17:39:48.619 | INFO     | carla_bridge.core.actor_factory:_create_object:365 - Created Static(id=125)
2025-05-19 17:39:48.620 | INFO     | carla_bridge.core.actor_factory:_create_object:365 - Created Static(id=124)
2025-05-19 17:39:48.625 | INFO     | carla_bridge.core.actor_factory:_create_object:365 - Created Static(id=123)
2025-05-19 17:39:48.635 | INFO     | carla_bridge.core.actor_factory:_create_object:365 - Created Static(id=122)
2025-05-19 17:39:48.661 | INFO     | carla_bridge.core.actor_factory:_create_object:365 - Created Static(id=121)
2025-05-19 17:39:48.661 | INFO     | carla_bridge.core.actor_factory:_create_object:365 - Created Static(id=120)
2025-05-19 17:39:48.666 | INFO     | carla_bridge.core.actor_factory:_create_object:365 - Created Static(id=119)
2025-05-19 17:39:48.672 | INFO     | carla_bridge.core.actor_factory:_create_object:365 - Created Static(id=118)
2025-05-19 17:39:48.687 | INFO     | carla_bridge.core.actor_factory:_create_object:365 - Created Static(id=117)
2025-05-19 17:39:48.687 | INFO     | carla_bridge.core.actor_factory:_create_object:365 - Created Static(id=116)
2025-05-19 17:39:48.698 | INFO     | carla_bridge.core.actor_factory:_create_object:365 - Created Static(id=115)
2025-05-19 17:39:48.703 | INFO     | carla_bridge.core.actor_factory:_create_object:365 - Created Static(id=114)
2025-05-19 17:39:48.703 | INFO     | carla_bridge.core.actor_factory:_create_object:365 - Created Static(id=113)
2025-05-19 17:39:48.716 | INFO     | carla_bridge.core.actor_factory:_create_object:365 - Created Static(id=112)
2025-05-19 17:39:48.733 | INFO     | carla_bridge.core.actor_factory:_create_object:365 - Created Static(id=111)
2025-05-19 17:39:48.733 | INFO     | carla_bridge.core.actor_factory:_create_object:365 - Created Static(id=110)
2025-05-19 17:39:48.733 | INFO     | carla_bridge.core.actor_factory:_create_object:365 - Created Static(id=109)
2025-05-19 17:39:48.749 | INFO     | carla_bridge.core.actor_factory:_create_object:365 - Created Static(id=108)
2025-05-19 17:39:48.754 | INFO     | carla_bridge.core.actor_factory:_create_object:365 - Created Static(id=107)
2025-05-19 17:39:48.770 | INFO     | carla_bridge.core.actor_factory:_create_object:365 - Created Static(id=106)
2025-05-19 17:39:48.775 | INFO     | carla_bridge.core.actor_factory:_create_object:365 - Created Static(id=105)
2025-05-19 17:39:48.775 | INFO     | carla_bridge.core.actor_factory:_create_object:365 - Created Static(id=104)
2025-05-19 17:39:48.780 | INFO     | carla_bridge.core.actor_factory:_create_object:365 - Created Static(id=103)
2025-05-19 17:39:48.786 | INFO     | carla_bridge.core.actor_factory:_create_object:365 - Created Static(id=102)
2025-05-19 17:39:48.798 | INFO     | carla_bridge.core.actor_factory:_create_object:365 - Created Static(id=101)
2025-05-19 17:39:48.803 | INFO     | carla_bridge.core.actor_factory:_create_object:365 - Created Static(id=100)
2025-05-19 17:39:48.809 | INFO     | carla_bridge.core.actor_factory:_create_object:365 - Created Static(id=99)
2025-05-19 17:39:48.824 | INFO     | carla_bridge.core.actor_factory:_create_object:365 - Created Static(id=98)
2025-05-19 17:39:48.845 | INFO     | carla_bridge.core.actor_factory:_create_object:365 - Created Static(id=97)
2025-05-19 17:39:48.857 | INFO     | carla_bridge.core.actor_factory:_create_object:365 - Created Static(id=96)
2025-05-19 17:39:48.868 | INFO     | carla_bridge.core.actor_factory:_create_object:365 - Created Static(id=95)
2025-05-19 17:39:48.868 | INFO     | carla_bridge.core.actor_factory:_create_object:365 - Created Static(id=94)
2025-05-19 17:39:48.883 | INFO     | carla_bridge.core.actor_factory:_create_object:365 - Created Static(id=93)
2025-05-19 17:39:48.894 | INFO     | carla_bridge.core.actor_factory:_create_object:365 - Created Static(id=92)
2025-05-19 17:39:48.904 | INFO     | carla_bridge.core.actor_factory:_create_object:365 - Created Static(id=91)
2025-05-19 17:39:48.904 | INFO     | carla_bridge.core.actor_factory:_create_object:365 - Created Static(id=90)
2025-05-19 17:39:48.904 | INFO     | carla_bridge.core.actor_factory:_create_object:365 - Created Static(id=89)
2025-05-19 17:39:48.910 | INFO     | carla_bridge.core.actor_factory:_create_object:365 - Created Static(id=88)
2025-05-19 17:39:48.915 | INFO     | carla_bridge.core.actor_factory:_create_object:365 - Created Static(id=87)
2025-05-19 17:39:48.930 | INFO     | carla_bridge.core.actor_factory:_create_object:365 - Created Static(id=86)
2025-05-19 17:39:48.931 | INFO     | carla_bridge.core.actor_factory:_create_object:365 - Created Static(id=85)
2025-05-19 17:39:48.946 | INFO     | carla_bridge.core.actor_factory:_create_object:365 - Created Static(id=84)
2025-05-19 17:39:48.981 | INFO     | carla_bridge.core.actor_factory:_create_object:365 - Created Static(id=83)
2025-05-19 17:39:48.998 | INFO     | carla_bridge.core.actor_factory:_create_object:365 - Created Static(id=82)
2025-05-19 17:39:49.014 | INFO     | carla_bridge.core.actor_factory:_create_object:365 - Created Traffic(id=81)
2025-05-19 17:39:49.024 | INFO     | carla_bridge.core.actor_factory:_create_object:365 - Created Traffic(id=80)
2025-05-19 17:39:49.030 | INFO     | carla_bridge.core.actor_factory:_create_object:365 - Created Traffic(id=79)
2025-05-19 17:39:49.047 | INFO     | carla_bridge.core.actor_factory:_create_object:365 - Created Traffic(id=78)
2025-05-19 17:39:49.047 | INFO     | carla_bridge.core.actor_factory:_create_object:365 - Created Traffic(id=77)
2025-05-19 17:39:49.065 | INFO     | carla_bridge.core.actor_factory:_create_object:365 - Created Traffic(id=76)
2025-05-19 17:39:49.070 | INFO     | carla_bridge.core.actor_factory:_create_object:365 - Created Traffic(id=75)
2025-05-19 17:39:49.081 | INFO     | carla_bridge.core.actor_factory:_create_object:365 - Created Traffic(id=74)
2025-05-19 17:39:49.086 | INFO     | carla_bridge.core.actor_factory:_create_object:365 - Created Traffic(id=73)
2025-05-19 17:39:49.096 | INFO     | carla_bridge.core.actor_factory:_create_object:365 - Created Traffic(id=72)
2025-05-19 17:39:49.102 | INFO     | carla_bridge.core.actor_factory:_create_object:365 - Created Traffic(id=71)
2025-05-19 17:39:49.102 | INFO     | carla_bridge.core.actor_factory:_create_object:365 - Created Traffic(id=70)
2025-05-19 17:39:49.112 | INFO     | carla_bridge.core.actor_factory:_create_object:365 - Created Traffic(id=69)
2025-05-19 17:39:49.112 | INFO     | carla_bridge.core.actor_factory:_create_object:365 - Created Traffic(id=68)
2025-05-19 17:39:49.117 | INFO     | carla_bridge.core.actor_factory:_create_object:365 - Created Traffic(id=67)
2025-05-19 17:39:49.123 | INFO     | carla_bridge.core.actor_factory:_create_object:365 - Created Traffic(id=66)
2025-05-19 17:39:49.135 | INFO     | carla_bridge.core.actor_factory:_create_object:365 - Created Traffic(id=65)
2025-05-19 17:39:49.146 | INFO     | carla_bridge.core.actor_factory:_create_object:365 - Created Traffic(id=64)
2025-05-19 17:39:49.156 | INFO     | carla_bridge.core.actor_factory:_create_object:365 - Created Traffic(id=63)
2025-05-19 17:39:49.161 | INFO     | carla_bridge.core.actor_factory:_create_object:365 - Created Traffic(id=62)
2025-05-19 17:39:49.179 | INFO     | carla_bridge.core.actor_factory:_create_object:365 - Created Traffic(id=61)
2025-05-19 17:39:49.184 | INFO     | carla_bridge.core.actor_factory:_create_object:365 - Created TrafficLight(id=60)
2025-05-19 17:39:49.202 | INFO     | carla_bridge.core.actor_factory:_create_object:365 - Created TrafficLight(id=59)
2025-05-19 17:39:49.213 | INFO     | carla_bridge.core.actor_factory:_create_object:365 - Created TrafficLight(id=58)
2025-05-19 17:39:49.225 | INFO     | carla_bridge.core.actor_factory:_create_object:365 - Created TrafficLight(id=57)
2025-05-19 17:39:49.241 | INFO     | carla_bridge.core.actor_factory:_create_object:365 - Created TrafficLight(id=56)
2025-05-19 17:39:49.241 | INFO     | carla_bridge.core.actor_factory:_create_object:365 - Created TrafficLight(id=55)
2025-05-19 17:39:49.247 | INFO     | carla_bridge.core.actor_factory:_create_object:365 - Created TrafficLight(id=54)
2025-05-19 17:39:49.247 | INFO     | carla_bridge.core.actor_factory:_create_object:365 - Created TrafficLight(id=53)
2025-05-19 17:39:49.265 | INFO     | carla_bridge.core.actor_factory:_create_object:365 - Created TrafficLight(id=52)
2025-05-19 17:39:49.275 | INFO     | carla_bridge.core.actor_factory:_create_object:365 - Created TrafficLight(id=51)
2025-05-19 17:39:49.301 | INFO     | carla_bridge.core.actor_factory:_create_object:365 - Created TrafficLight(id=50)
2025-05-19 17:39:49.307 | INFO     | carla_bridge.core.actor_factory:_create_object:365 - Created TrafficLight(id=49)
2025-05-19 17:39:49.353 | INFO     | carla_bridge.core.actor_factory:_create_object:365 - Created TrafficLight(id=48)
2025-05-19 17:39:49.376 | INFO     | carla_bridge.core.actor_factory:_create_object:365 - Created TrafficLight(id=47)
2025-05-19 17:39:49.376 | INFO     | carla_bridge.core.actor_factory:_create_object:365 - Created TrafficLight(id=46)
2025-05-19 17:39:49.387 | INFO     | carla_bridge.core.actor_factory:_create_object:365 - Created TrafficLight(id=45)
2025-05-19 17:39:49.387 | INFO     | carla_bridge.core.actor_factory:_create_object:365 - Created TrafficLight(id=44)
2025-05-19 17:39:49.393 | INFO     | carla_bridge.core.actor_factory:_create_object:365 - Created TrafficLight(id=43)
2025-05-19 17:39:49.398 | INFO     | carla_bridge.core.actor_factory:_create_object:365 - Created TrafficLight(id=42)
2025-05-19 17:39:49.404 | INFO     | carla_bridge.core.actor_factory:_create_object:365 - Created TrafficLight(id=41)
2025-05-19 17:39:49.430 | INFO     | carla_bridge.core.actor_factory:_create_object:365 - Created TrafficLight(id=40)
2025-05-19 17:39:49.435 | INFO     | carla_bridge.core.actor_factory:_create_object:365 - Created TrafficLight(id=39)
2025-05-19 17:39:49.446 | INFO     | carla_bridge.core.actor_factory:_create_object:365 - Created TrafficLight(id=38)
2025-05-19 17:39:49.456 | INFO     | carla_bridge.core.actor_factory:_create_object:365 - Created TrafficLight(id=37)
2025-05-19 17:39:49.467 | INFO     | carla_bridge.core.actor_factory:_create_object:365 - Created TrafficLight(id=36)
2025-05-19 17:39:49.498 | INFO     | carla_bridge.core.actor_factory:_create_object:365 - Created TrafficLight(id=35)
2025-05-19 17:39:49.510 | INFO     | carla_bridge.core.actor_factory:_create_object:365 - Created TrafficLight(id=34)
2025-05-19 17:39:49.528 | INFO     | carla_bridge.core.actor_factory:_create_object:365 - Created TrafficLight(id=33)
2025-05-19 17:39:49.563 | INFO     | carla_bridge.core.actor_factory:_create_object:365 - Created TrafficLight(id=32)
2025-05-19 17:39:49.569 | INFO     | carla_bridge.core.actor_factory:_create_object:365 - Created TrafficLight(id=31)
2025-05-19 17:39:49.574 | INFO     | carla_bridge.core.actor_factory:_create_object:365 - Created TrafficLight(id=30)
2025-05-19 17:39:49.604 | INFO     | carla_bridge.core.actor_factory:_create_object:365 - Created TrafficLight(id=29)
2025-05-19 17:39:49.627 | INFO     | carla_bridge.core.actor_factory:_create_object:365 - Created TrafficLight(id=28)
2025-05-19 17:39:49.643 | INFO     | carla_bridge.core.actor_factory:_create_object:365 - Created TrafficLight(id=27)
2025-05-19 17:39:49.653 | INFO     | carla_bridge.core.actor_factory:_create_object:365 - Created TrafficLight(id=26)
2025-05-19 17:39:49.659 | INFO     | carla_bridge.core.actor_factory:_create_object:365 - Created TrafficLight(id=25)
2025-05-19 17:39:49.677 | INFO     | carla_bridge.core.actor_factory:_create_object:365 - Created Spectator(id=24)
2025-05-19 17:39:49.685 | INFO     | carla_bridge.core.actor_factory:_create_object:365 - Created TrafficLightsSensor(id=10000)
2025-05-19 17:39:49.703 | INFO     | carla_bridge.core.actor_factory:_create_object:365 - Created EgoVehicle(id=197)
2025-05-19 17:39:49.704 | DEBUG    | carla_bridge.core.carla_spawn_objects:setup_sensors:144 - sensor: {'type': 'sensor.camera.rgb', 'id': 'front_6mm', 'spawn_point': {'x': 2.0, 'y': 0.0, 'z': 2.0, 'roll': 0.0, 'pitch': 0.0, 'yaw': 0.0}, 'image_size_x': 800, 'image_size_y': 600, 'fov': 90.0, 'fstop': 8.0}, attach: 197
2025-05-19 17:39:49.709 | DEBUG    | carla_bridge.core.carla_spawn_objects:setup_sensors:144 - sensor: {'type': 'sensor.camera.rgb', 'id': 'front_12mm', 'spawn_point': {'x': 2.5, 'y': 0.0, 'z': 2.8, 'roll': 0.0, 'pitch': 0.0, 'yaw': 0.0}, 'image_size_x': 800, 'image_size_y': 600, 'focal_distance': 2000, 'fov': 90.0, 'fstop': 8.0}, attach: 197
2025-05-19 17:39:49.714 | DEBUG    | carla_bridge.core.carla_spawn_objects:setup_sensors:144 - sensor: {'type': 'sensor.lidar.ray_cast', 'id': 'lidar128', 'spawn_point': {'x': 0.0, 'y': 0.0, 'z': 2.4, 'roll': 0.0, 'pitch': 0.0, 'yaw': 0.0}, 'range': 50, 'channels': 128, 'points_per_second': 320000, 'upper_fov': 2.0, 'lower_fov': -26.8, 'rotation_frequency': 20, 'noise_stddev': 0.0}, attach: 197
2025-05-19 17:39:49.715 | DEBUG    | carla_bridge.core.carla_spawn_objects:setup_sensors:144 - sensor: {'type': 'sensor.other.radar', 'id': 'radar/front', 'spawn_point': {'x': 2.0, 'y': 0.0, 'z': 2.0, 'roll': 0.0, 'pitch': 0.0, 'yaw': 0.0}, 'horizontal_fov': 30.0, 'vertical_fov': 10.0, 'points_per_second': 1500, 'range': 100.0}, attach: 197
2025-05-19 17:39:49.716 | DEBUG    | carla_bridge.core.carla_spawn_objects:setup_sensors:144 - sensor: {'type': 'sensor.other.gnss', 'id': 'gnss', 'spawn_point': {'x': 1.0, 'y': 0.0, 'z': 2.0}, 'noise_alt_stddev': 0.0, 'noise_lat_stddev': 0.0, 'noise_lon_stddev': 0.0, 'noise_alt_bias': 0.0, 'noise_lat_bias': 0.0, 'noise_lon_bias': 0.0}, attach: 197
2025-05-19 17:39:49.716 | DEBUG    | carla_bridge.core.carla_spawn_objects:setup_sensors:144 - sensor: {'type': 'sensor.other.imu', 'id': 'gnss/imu', 'spawn_point': {'x': 2.0, 'y': 0.0, 'z': 2.0, 'roll': 0.0, 'pitch': 0.0, 'yaw': 0.0}, 'noise_accel_stddev_x': 0.0, 'noise_accel_stddev_y': 0.0, 'noise_accel_stddev_z': 0.0, 'noise_gyro_stddev_x': 0.0, 'noise_gyro_stddev_y': 0.0, 'noise_gyro_stddev_z': 0.0, 'noise_gyro_bias_x': 0.0, 'noise_gyro_bias_y': 0.0, 'noise_gyro_bias_z': 0.0}, attach: 197
2025-05-19 17:39:49.716 | DEBUG    | carla_bridge.core.carla_spawn_objects:setup_sensors:144 - sensor: {'type': 'sensor.pseudo.objects', 'id': 'obstacles'}, attach: 197
2025-05-19 17:39:49.716 | INFO     | carla_bridge.core.carla_spawn_objects:spawn_objects:88 - All objects spawned.
2025-05-19 17:39:49.732 | INFO     | carla_bridge.core.actor_factory:_create_object:365 - Created RgbCamera(id=198)
2025-05-19 17:39:49.733 | INFO     | carla_bridge.core.actor_factory:_create_object:365 - Created RgbCamera(id=199)
2025-05-19 17:39:49.735 | INFO     | carla_bridge.core.actor_factory:_create_object:365 - Created Lidar(id=200)
2025-05-19 17:39:49.737 | INFO     | carla_bridge.core.actor_factory:_create_object:365 - Created Radar(id=201)
2025-05-19 17:39:49.740 | INFO     | carla_bridge.core.actor_factory:_create_object:365 - Created Gnss(id=202)
2025-05-19 17:39:49.742 | INFO     | carla_bridge.core.actor_factory:_create_object:365 - Created ImuSensor(id=203)
2025-05-19 17:39:49.743 | INFO     | carla_bridge.core.actor_factory:_create_object:365 - Created ObjectSensor(id=10001)
2025-05-19 17:42:29.097 | WARNING  | __main__:main:215 - Shutting down.
2025-05-19 17:42:29.097 | INFO     | __main__:destroy:158 - Shutting down...
2025-05-19 17:42:29.322 | INFO     | __main__:destroy:164 - Object update finished.
2025-05-19 17:42:29.322 | INFO     | carla_bridge.core.actor_factory:_destroy_object:261 - Removed TrafficLightsSensor(id=10000)
2025-05-19 17:42:29.415 | INFO     | carla_bridge.core.actor_factory:_destroy_object:261 - Removed EgoVehicle(id=197)
2025-05-19 17:42:29.527 | INFO     | carla_bridge.core.actor_factory:_destroy_object:261 - Removed RgbCamera(id=198)
2025-05-19 17:42:29.635 | INFO     | carla_bridge.core.actor_factory:_destroy_object:261 - Removed RgbCamera(id=199)
2025-05-19 17:42:29.694 | INFO     | carla_bridge.core.actor_factory:_destroy_object:261 - Removed Lidar(id=200)
2025-05-19 17:42:29.767 | INFO     | carla_bridge.core.actor_factory:_destroy_object:261 - Removed Radar(id=201)
2025-05-19 17:42:29.827 | INFO     | carla_bridge.core.actor_factory:_destroy_object:261 - Removed Gnss(id=202)
2025-05-19 17:42:29.886 | INFO     | carla_bridge.core.actor_factory:_destroy_object:261 - Removed ImuSensor(id=203)
2025-05-19 17:42:29.887 | INFO     | carla_bridge.core.actor_factory:_destroy_object:261 - Removed ObjectSensor(id=10001)
